2019-01-21 22:01:55,260 myCat [FATAL] this is an fatal message
2019-01-21 22:01:55,260 myCat [ALERT] this is an alert message
2019-01-21 22:01:55,260 myCat [ERROR] this is an error message
2019-01-21 22:01:55,260 myCat [INFO] this is an info message
2019-01-21 22:01:55,260 myCat [CRIT] this is an crit message
2019-01-21 22:01:55,260 myCat [DEBUG] this is an debug message
2019-01-21 22:01:55,261 myCat [NOTICE] this is an notice message
2019-01-21 22:01:55,261 myCat [WARN] this is an warn message
2019-01-21 22:01:55,261 myCat [FATAL] this is an emerg message
2019-01-21 22:01:55,261 myCat [FATAL] this is an fatal message
2019-01-21 22:01:55,261 myCat [ALERT] this is an alert message
2019-01-21 22:01:55,261 myCat [ERROR] this is an error message
2019-01-21 22:01:55,261 myCat [INFO] this is an info message
2019-01-21 22:01:55,261 myCat [CRIT] this is an crit message
2019-01-21 22:01:55,261 myCat [DEBUG] this is an debug message
2019-01-21 22:01:55,261 myCat [NOTICE] this is an notice message
2019-01-21 22:01:55,261 myCat [WARN] this is an warn message
2019-01-21 22:01:55,261 myCat [FATAL] this is an emerg message
2019-01-21 22:01:55,261 myCat [FATAL] this is an fatal message
2019-01-21 22:01:55,261 myCat [ALERT] this is an alert message
2019-01-21 22:01:55,261 myCat [ERROR] this is an error message
2019-01-21 22:01:55,261 myCat [INFO] this is an info message
2019-01-21 22:01:55,261 myCat [CRIT] this is an crit message
2019-01-21 22:01:55,261 myCat [DEBUG] this is an debug message
2019-01-21 22:01:55,262 myCat [NOTICE] this is an notice message
2019-01-21 22:01:55,262 myCat [WARN] this is an warn message
2019-01-21 22:01:55,262 myCat [FATAL] this is an emerg message
2019-01-21 22:01:55,262 myCat [FATAL] this is an fatal message
2019-01-21 22:01:55,262 myCat [ALERT] this is an alert message
2019-01-21 22:01:55,262 myCat [ERROR] this is an error message
2019-01-21 22:01:55,262 myCat [INFO] this is an info message
2019-01-21 22:01:55,262 myCat [CRIT] this is an crit message
2019-01-21 22:01:55,262 myCat [DEBUG] this is an debug message
2019-01-21 22:01:55,262 myCat [NOTICE] this is an notice message
2019-01-21 22:01:55,262 myCat [WARN] this is an warn message
2019-01-21 22:01:55,262 myCat [FATAL] this is an emerg message
2019-01-21 22:01:55,262 myCat [FATAL] this is an fatal message
2019-01-21 22:01:55,262 myCat [ALERT] this is an alert message
2019-01-21 22:01:55,262 myCat [ERROR] this is an error message
2019-01-21 22:01:55,262 myCat [INFO] this is an info message
2019-01-21 22:01:55,262 myCat [CRIT] this is an crit message
2019-01-21 22:01:55,262 myCat [DEBUG] this is an debug message
2019-01-21 22:01:55,262 myCat [NOTICE] this is an notice message
2019-01-21 22:01:55,262 myCat [WARN] this is an warn message
2019-01-21 22:01:55,262 myCat [FATAL] this is an emerg message
2019-01-21 22:01:55,262 myCat [FATAL] this is an fatal message
2019-01-21 22:01:55,262 myCat [ALERT] this is an alert message
2019-01-21 22:01:55,262 myCat [ERROR] this is an error message
2019-01-21 22:01:55,262 myCat [INFO] this is an info message
2019-01-21 22:01:55,262 myCat [CRIT] this is an crit message
2019-01-21 22:01:55,262 myCat [DEBUG] this is an debug message
2019-01-21 22:01:55,262 myCat [NOTICE] this is an notice message
2019-01-21 22:01:55,262 myCat [WARN] this is an warn message
2019-01-21 22:01:55,262 myCat [FATAL] this is an emerg message
2019-01-21 22:01:55,262 myCat [FATAL] this is an fatal message
2019-01-21 22:01:55,262 myCat [ALERT] this is an alert message
2019-01-21 22:01:55,262 myCat [ERROR] this is an error message
2019-01-21 22:01:55,262 myCat [INFO] this is an info message
2019-01-21 22:01:55,262 myCat [CRIT] this is an crit message
2019-01-21 22:01:55,263 myCat [DEBUG] this is an debug message
2019-01-21 22:01:55,263 myCat [NOTICE] this is an notice message
2019-01-21 22:01:55,263 myCat [WARN] this is an warn message
2019-01-21 22:01:55,263 myCat [FATAL] this is an emerg message
2019-01-21 22:01:55,263 myCat [FATAL] this is an fatal message
2019-01-21 22:01:55,263 myCat [ALERT] this is an alert message
2019-01-21 22:01:55,263 myCat [ERROR] this is an error message
2019-01-21 22:01:55,263 myCat [INFO] this is an info message
2019-01-21 22:01:55,263 myCat [CRIT] this is an crit message
2019-01-21 22:01:55,263 myCat [DEBUG] this is an debug message
2019-01-21 22:01:55,263 myCat [NOTICE] this is an notice message
2019-01-21 22:01:55,263 myCat [WARN] this is an warn message
2019-01-21 22:01:55,263 myCat [FATAL] this is an emerg message
2019-01-21 22:01:55,263 myCat [FATAL] this is an fatal message
2019-01-21 22:01:55,263 myCat [ALERT] this is an alert message
2019-01-21 22:01:55,263 myCat [ERROR] this is an error message
2019-01-21 22:01:55,264 myCat [INFO] this is an info message
2019-01-21 22:01:55,264 myCat [CRIT] this is an crit message
2019-01-21 22:01:55,264 myCat [DEBUG] this is an debug message
2019-01-21 22:01:55,264 myCat [NOTICE] this is an notice message
2019-01-21 22:01:55,264 myCat [WARN] this is an warn message
